<?xml version="1.0" encoding="UTF-8" standalone="yes" ?>
<test-results name="D:\Repositories\Мои проекты\ms301-DJSON\Tests\Win32\Debug\Tests.exe" total="2" errors="0" failures="0" ignored="0" inconclusive="0" not-run="0" skipped="0" invalid="0" date="2017-07-02" time="0.002">
  <culture-info current-culture="en" current-uiculture="en" />
  <test-suite type="Assembly" name="Tests.exe" executed="true" result="Success" success="True" time="0.002" asserts="0">
    <results>
        <test-suite type="Namespace" name="DemoTests" executed="true" result="Success" success="True" time="0.002" asserts="0" >
          <results>
              <test-suite type="Fixture" name="TDemoTests" executed="True" result="Success" success="True" time="0.002" >
                <results>
                  <test-case name="JsonConverter" executed="True" result="Success" success="True" time="0.001" asserts="0" />
                  <test-case name="SerializationGuide" executed="True" result="Success" success="True" time="0.001" asserts="0" />
                </results>
              </test-suite>
          </results>
        </test-suite>
    </results>
  </test-suite>
</test-results>
